<?xml version="1.0" encoding="UTF-8"?>
<testng-results ignored="0" total="2" passed="1" failed="1" skipped="0">
  <reporter-output>
  </reporter-output>
  <suite started-at="2023-07-25T17:35:22 IST" name="Default suite" finished-at="2023-07-25T17:35:59 IST" duration-ms="37370">
    <groups>
    </groups>
    <test started-at="2023-07-25T17:35:22 IST" name="Default test" finished-at="2023-07-25T17:35:59 IST" duration-ms="37370">
      <class name="testPackMMT.ToVerifyFlightBookingPage">
        <test-method is-config="true" signature="launchBrowser()[pri:0, instance:testPackMMT.ToVerifyFlightBookingPage@2e4b8173]" started-at="2023-07-25T17:35:22 IST" name="launchBrowser" finished-at="2023-07-25T17:35:25 IST" duration-ms="2837" status="PASS">
          <reporter-output>
          </reporter-output>
        </test-method> <!-- launchBrowser -->
        <test-method is-config="true" signature="openWebsite()[pri:0, instance:testPackMMT.ToVerifyFlightBookingPage@2e4b8173]" started-at="2023-07-25T17:35:25 IST" name="openWebsite" finished-at="2023-07-25T17:35:35 IST" duration-ms="10481" status="PASS">
          <reporter-output>
          </reporter-output>
        </test-method> <!-- openWebsite -->
        <test-method signature="checkBookFlight()[pri:0, instance:testPackMMT.ToVerifyFlightBookingPage@2e4b8173]" started-at="2023-07-25T17:35:35 IST" name="checkBookFlight" finished-at="2023-07-25T17:35:44 IST" duration-ms="9019" status="PASS">
          <reporter-output>
          </reporter-output>
        </test-method> <!-- checkBookFlight -->
        <test-method is-config="true" signature="openWebsite()[pri:0, instance:testPackMMT.ToVerifyFlightBookingPage@2e4b8173]" started-at="2023-07-25T17:35:44 IST" name="openWebsite" finished-at="2023-07-25T17:35:55 IST" duration-ms="10784" status="PASS">
          <reporter-output>
          </reporter-output>
        </test-method> <!-- openWebsite -->
        <test-method signature="verifyflightSearchButtonOnHomepage()[pri:0, instance:testPackMMT.ToVerifyFlightBookingPage@2e4b8173]" started-at="2023-07-25T17:35:55 IST" name="verifyflightSearchButtonOnHomepage" finished-at="2023-07-25T17:35:59 IST" duration-ms="4152" status="FAIL">
          <exception class="org.openqa.selenium.ElementClickInterceptedException">
            <message>
              <![CDATA[element click intercepted: Element <span class="chNavIcon appendBottom2 chSprite chFlights active"></span> is not clickable at point (281, 115). Other element would receive the click: <iframe title="notification-frame-~1971373bc" name="notification-frame-~1971373bc" id="webklipper-publisher-widget-container-notification-frame" frameborder="0" marginheight="0" marginwidth="0" style="display: block; position: fixed; z-index: 16776272; left: -1000px; top: -1000px; visibility: visible; height: 100%; width: 100%; transform: translate(1000px, 1000px);" data-notification-layout-id="~184fc0b7" data-notification-layout-name="modal"></iframe>
  (Session info: chrome=114.0.5735.248)
Build info: version: '3.141.59', revision: 'e82be7d358', time: '2018-11-14T08:17:03'
System info: host: 'PANKAJ', ip: '192.168.43.89', os.name: 'Windows 10', os.arch: 'amd64', os.version: '10.0', java.version: '17.0.5'
Driver info: org.openqa.selenium.chrome.ChromeDriver
Capabilities {acceptInsecureCerts: false, browserName: chrome, browserVersion: 114.0.5735.248, chrome: {chromedriverVersion: 114.0.5735.90 (386bc09e8f4f..., userDataDir: C:\Users\hp\AppData\Local\T...}, goog:chromeOptions: {debuggerAddress: localhost:52400}, javascriptEnabled: true, networkConnectionEnabled: false, pageLoadStrategy: normal, platform: WINDOWS, platformName: WINDOWS, proxy: Proxy(), setWindowRect: true, strictFileInteractability: false, timeouts: {implicit: 0, pageLoad: 300000, script: 30000}, unhandledPromptBehavior: dismiss and notify, webauthn:extension:credBlob: true, webauthn:extension:largeBlob: true, webauthn:extension:minPinLength: true, webauthn:extension:prf: true, webauthn:virtualAuthenticators: true}
Session ID: 5870793f33a50dd8aea41b4d1c6ec2c5]]>
            </message>
            <full-stacktrace>
              <![CDATA[org.openqa.selenium.ElementClickInterceptedException: element click intercepted: Element <span class="chNavIcon appendBottom2 chSprite chFlights active"></span> is not clickable at point (281, 115). Other element would receive the click: <iframe title="notification-frame-~1971373bc" name="notification-frame-~1971373bc" id="webklipper-publisher-widget-container-notification-frame" frameborder="0" marginheight="0" marginwidth="0" style="display: block; position: fixed; z-index: 16776272; left: -1000px; top: -1000px; visibility: visible; height: 100%; width: 100%; transform: translate(1000px, 1000px);" data-notification-layout-id="~184fc0b7" data-notification-layout-name="modal"></iframe>
  (Session info: chrome=114.0.5735.248)
Build info: version: '3.141.59', revision: 'e82be7d358', time: '2018-11-14T08:17:03'
System info: host: 'PANKAJ', ip: '192.168.43.89', os.name: 'Windows 10', os.arch: 'amd64', os.version: '10.0', java.version: '17.0.5'
Driver info: org.openqa.selenium.chrome.ChromeDriver
Capabilities {acceptInsecureCerts: false, browserName: chrome, browserVersion: 114.0.5735.248, chrome: {chromedriverVersion: 114.0.5735.90 (386bc09e8f4f..., userDataDir: C:\Users\hp\AppData\Local\T...}, goog:chromeOptions: {debuggerAddress: localhost:52400}, javascriptEnabled: true, networkConnectionEnabled: false, pageLoadStrategy: normal, platform: WINDOWS, platformName: WINDOWS, proxy: Proxy(), setWindowRect: true, strictFileInteractability: false, timeouts: {implicit: 0, pageLoad: 300000, script: 30000}, unhandledPromptBehavior: dismiss and notify, webauthn:extension:credBlob: true, webauthn:extension:largeBlob: true, webauthn:extension:minPinLength: true, webauthn:extension:prf: true, webauthn:virtualAuthenticators: true}
Session ID: 5870793f33a50dd8aea41b4d1c6ec2c5
at java.base/jdk.internal.reflect.NativeConstructorAccessorImpl.newInstance0(Native Method)
at java.base/jdk.internal.reflect.NativeConstructorAccessorImpl.newInstance(NativeConstructorAccessorImpl.java:77)
at java.base/jdk.internal.reflect.DelegatingConstructorAccessorImpl.newInstance(DelegatingConstructorAccessorImpl.java:45)
at java.base/java.lang.reflect.Constructor.newInstanceWithCaller(Constructor.java:499)
at java.base/java.lang.reflect.Constructor.newInstance(Constructor.java:480)
at org.openqa.selenium.remote.http.W3CHttpResponseCodec.createException(W3CHttpResponseCodec.java:187)
at org.openqa.selenium.remote.http.W3CHttpResponseCodec.decode(W3CHttpResponseCodec.java:122)
at org.openqa.selenium.remote.http.W3CHttpResponseCodec.decode(W3CHttpResponseCodec.java:49)
at org.openqa.selenium.remote.HttpCommandExecutor.execute(HttpCommandExecutor.java:158)
at org.openqa.selenium.remote.service.DriverCommandExecutor.execute(DriverCommandExecutor.java:83)
at org.openqa.selenium.remote.RemoteWebDriver.execute(RemoteWebDriver.java:552)
at org.openqa.selenium.remote.RemoteWebElement.execute(RemoteWebElement.java:285)
at org.openqa.selenium.remote.RemoteWebElement.click(RemoteWebElement.java:84)
at java.base/jdk.internal.reflect.NativeMethodAccessorImpl.invoke0(Native Method)
at java.base/jdk.internal.reflect.NativeMethodAccessorImpl.invoke(NativeMethodAccessorImpl.java:77)
at java.base/jdk.internal.reflect.DelegatingMethodAccessorImpl.invoke(DelegatingMethodAccessorImpl.java:43)
at java.base/java.lang.reflect.Method.invoke(Method.java:568)
at org.openqa.selenium.support.pagefactory.internal.LocatingElementHandler.invoke(LocatingElementHandler.java:51)
at jdk.proxy2/jdk.proxy2.$Proxy12.click(Unknown Source)
at Pages.Page1.clickonflightButton(Page1.java:23)
at testPackMMT.ToVerifyFlightBookingPage.verifyflightSearchButtonOnHomepage(ToVerifyFlightBookingPage.java:45)
at java.base/jdk.internal.reflect.NativeMethodAccessorImpl.invoke0(Native Method)
at java.base/jdk.internal.reflect.NativeMethodAccessorImpl.invoke(NativeMethodAccessorImpl.java:77)
at java.base/jdk.internal.reflect.DelegatingMethodAccessorImpl.invoke(DelegatingMethodAccessorImpl.java:43)
at java.base/java.lang.reflect.Method.invoke(Method.java:568)
at org.testng.internal.MethodInvocationHelper.invokeMethod(MethodInvocationHelper.java:133)
at org.testng.internal.TestInvoker.invokeMethod(TestInvoker.java:598)
at org.testng.internal.TestInvoker.invokeTestMethod(TestInvoker.java:173)
at org.testng.internal.MethodRunner.runInSequence(MethodRunner.java:46)
at org.testng.internal.TestInvoker$MethodInvocationAgent.invoke(TestInvoker.java:824)
at org.testng.internal.TestInvoker.invokeTestMethods(TestInvoker.java:146)
at org.testng.internal.TestMethodWorker.invokeTestMethods(TestMethodWorker.java:146)
at org.testng.internal.TestMethodWorker.run(TestMethodWorker.java:128)
at java.base/java.util.ArrayList.forEach(ArrayList.java:1511)
at org.testng.TestRunner.privateRun(TestRunner.java:794)
at org.testng.TestRunner.run(TestRunner.java:596)
at org.testng.SuiteRunner.runTest(SuiteRunner.java:377)
at org.testng.SuiteRunner.runSequentially(SuiteRunner.java:371)
at org.testng.SuiteRunner.privateRun(SuiteRunner.java:332)
at org.testng.SuiteRunner.run(SuiteRunner.java:276)
at org.testng.SuiteRunnerWorker.runSuite(SuiteRunnerWorker.java:53)
at org.testng.SuiteRunnerWorker.run(SuiteRunnerWorker.java:96)
at org.testng.TestNG.runSuitesSequentially(TestNG.java:1212)
at org.testng.TestNG.runSuitesLocally(TestNG.java:1134)
at org.testng.TestNG.runSuites(TestNG.java:1063)
at org.testng.TestNG.run(TestNG.java:1031)
at org.testng.remote.AbstractRemoteTestNG.run(AbstractRemoteTestNG.java:115)
at org.testng.remote.RemoteTestNG.initAndRun(RemoteTestNG.java:251)
at org.testng.remote.RemoteTestNG.main(RemoteTestNG.java:77)
]]>
            </full-stacktrace>
          </exception> <!-- org.openqa.selenium.ElementClickInterceptedException -->
          <reporter-output>
          </reporter-output>
        </test-method> <!-- verifyflightSearchButtonOnHomepage -->
      </class> <!-- testPackMMT.ToVerifyFlightBookingPage -->
    </test> <!-- Default test -->
  </suite> <!-- Default suite -->
</testng-results>
